<?xml version="1.0" encoding="UTF-8"?>
<!-- Generated by org.testng.reporters.JUnitReportReporter -->
<testsuite hostname="NARAYAN-PC" name="com.qspider.TestA" tests="2" failures="0" timestamp="30 Dec 2013 18:23:06 GMT" time="0.000" errors="0">
  <testcase name="test" time="0.000" classname="com.qspider.TestA"/>
  <testcase name="test1" time="0.000" classname="com.qspider.TestA"/>
</testsuite> <!-- com.qspider.TestA -->
