<?xml version="1.0" encoding="UTF-8"?>
<!-- Generated by org.testng.reporters.JUnitReportReporter -->
<testsuite hostname="NARAYAN-PC" name="com.qspider.TestB2" tests="2" failures="0" timestamp="3 Apr 2014 12:19:12 GMT" time="0.017" errors="0">
  <testcase name="test" time="0.016" classname="com.qspider.TestB2"/>
  <testcase name="test3" time="0.001" classname="com.qspider.TestB2"/>
</testsuite> <!-- com.qspider.TestB2 -->
