<?xml version="1.0" encoding="UTF-8"?>
<!-- Generated by org.testng.reporters.JUnitReportReporter -->
<testsuite hostname="NARAYAN-PC" name="com.qspider.TestC" tests="2" failures="0" timestamp="30 Dec 2013 18:23:06 GMT" time="0.000" errors="0">
  <testcase name="st" time="0.000" classname="com.qspider.TestC"/>
  <testcase name="est" time="0.000" classname="com.qspider.TestC"/>
</testsuite> <!-- com.qspider.TestC -->
