<?xml version="1.0" encoding="UTF-8"?>
<!-- Generated by org.testng.reporters.JUnitReportReporter -->
<testsuite hostname="NARAYAN-PC" name="com.qspider.TestAGroup" tests="2" failures="0" timestamp="30 Dec 2013 18:26:26 GMT" time="0.015" errors="0">
  <testcase name="test3" time="0.000" classname="com.qspider.TestAGroup"/>
  <testcase name="test1" time="0.015" classname="com.qspider.TestAGroup"/>
</testsuite> <!-- com.qspider.TestAGroup -->
