<?xml version="1.0" encoding="UTF-8"?>
<!-- Generated by org.testng.reporters.JUnitReportReporter -->
<testsuite hostname="NARAYAN-PC" name="com.qspider.TestB1" tests="2" failures="0" timestamp="30 Dec 2013 14:26:31 GMT" time="0.018" errors="0">
  <testcase name="test2" time="0.011" classname="com.qspider.TestB1"/>
  <testcase name="test1" time="0.007" classname="com.qspider.TestB1"/>
</testsuite> <!-- com.qspider.TestB1 -->
